<?xml version="1.0" encoding="UTF-8"?>
<!-- Generated by org.testng.reporters.JUnitReportReporter -->
<testsuite hostname="LAPTOP-O81FVFFS" name="com.adda.main.MainClass" tests="6" failures="0" timestamp="7 Feb 2019 05:25:57 GMT" time="391.483" errors="0">
  <testcase name="ValidateHelpdesk" time="69.535" classname="com.adda.main.MainClass"/>
  <testcase name="createConversations" time="52.635" classname="com.adda.main.MainClass"/>
  <testcase name="AdminCreateNotice" time="51.972" classname="com.adda.main.MainClass"/>
  <testcase name="UserVerifyNotice" time="19.427" classname="com.adda.main.MainClass"/>
  <testcase name="validateDirectMessage" time="50.590" classname="com.adda.main.MainClass"/>
  <testcase name="verifyMyUnit" time="147.324" classname="com.adda.main.MainClass"/>
</testsuite> <!-- com.adda.main.MainClass -->
